# JRE version: OpenJDK Runtime Environment (8.0_282-b08) (build 1.8.0_282-b08)
# Java VM: OpenJDK 64-Bit Server VM (25.282-b08 mixed mode windows-amd64 compressed oops)
Heap:
 PSYoungGen      total 151552K, used 86572K [0x00000000f5580000, 0x0000000100000000, 0x0000000100000000)
  eden space 134656K, 51% used [0x00000000f5580000,0x00000000f99ac788,0x00000000fd900000)
  from space 16896K, 99% used [0x00000000fd900000,0x00000000fe95e908,0x00000000fe980000)
  to   space 22016K, 0% used [0x00000000fea80000,0x00000000fea80000,0x0000000100000000)
 ParOldGen       total 349696K, used 292762K [0x00000000e0000000, 0x00000000f5580000, 0x00000000f5580000)
  object space 349696K, 83% used [0x00000000e0000000,0x00000000f1de6950,0x00000000f5580000)
 Metaspace       used 119736K, capacity 126584K, committed 126976K, reserved 1159168K
  class space    used 15347K, capacity 16701K, committed 16896K, reserved 1048576K
GC Heap History (10 events):
Event: 465.604 GC heap before
{Heap before GC invocations=145 (full 4):
 PSYoungGen      total 157184K, used 148520K [0x00000000f5580000, 0x00000000fff00000, 0x0000000100000000)
  eden space 140800K, 100% used [0x00000000f5580000,0x00000000fdf00000,0x00000000fdf00000)
  from space 16384K, 47% used [0x00000000fef00000,0x00000000ff68a0b8,0x00000000fff00000)
  to   space 16384K, 0% used [0x00000000fdf00000,0x00000000fdf00000,0x00000000fef00000)
 ParOldGen       total 349696K, used 268548K [0x00000000e0000000, 0x00000000f5580000, 0x00000000f5580000)
  object space 349696K, 76% used [0x00000000e0000000,0x00000000f0641360,0x00000000f5580000)
 Metaspace       used 119700K, capacity 126580K, committed 126976K, reserved 1159168K
  class space    used 15346K, capacity 16701K, committed 16896K, reserved 1048576K
Event: 465.662 GC heap after
Heap after GC invocations=145 (full 4):
 PSYoungGen      total 157184K, used 10736K [0x00000000f5580000, 0x0000000100000000, 0x0000000100000000)
  eden space 140800K, 0% used [0x00000000f5580000,0x00000000f5580000,0x00000000fdf00000)
  from space 16384K, 65% used [0x00000000fdf00000,0x00000000fe97c118,0x00000000fef00000)
  to   space 16896K, 0% used [0x00000000fef80000,0x00000000fef80000,0x0000000100000000)
 ParOldGen       total 349696K, used 272923K [0x00000000e0000000, 0x00000000f5580000, 0x00000000f5580000)
  object space 349696K, 78% used [0x00000000e0000000,0x00000000f0a86d80,0x00000000f5580000)
 Metaspace       used 119700K, capacity 126580K, committed 126976K, reserved 1159168K
  class space    used 15346K, capacity 16701K, committed 16896K, reserved 1048576K
}
Event: 467.332 GC heap before
{Heap before GC invocations=146 (full 4):
 PSYoungGen      total 157184K, used 151536K [0x00000000f5580000, 0x0000000100000000, 0x0000000100000000)
  eden space 140800K, 100% used [0x00000000f5580000,0x00000000fdf00000,0x00000000fdf00000)
  from space 16384K, 65% used [0x00000000fdf00000,0x00000000fe97c118,0x00000000fef00000)
  to   space 16896K, 0% used [0x00000000fef80000,0x00000000fef80000,0x0000000100000000)
 ParOldGen       total 349696K, used 272923K [0x00000000e0000000, 0x00000000f5580000, 0x00000000f5580000)
  object space 349696K, 78% used [0x00000000e0000000,0x00000000f0a86d80,0x00000000f5580000)
 Metaspace       used 119706K, capacity 126580K, committed 126976K, reserved 1159168K
  class space    used 15346K, capacity 16701K, committed 16896K, reserved 1048576K
Event: 467.405 GC heap after
Heap after GC invocations=146 (full 4):
 PSYoungGen      total 156672K, used 10677K [0x00000000f5580000, 0x0000000100000000, 0x0000000100000000)
  eden space 139776K, 0% used [0x00000000f5580000,0x00000000f5580000,0x00000000fde00000)
  from space 16896K, 63% used [0x00000000fef80000,0x00000000ff9ed618,0x0000000100000000)
  to   space 17408K, 0% used [0x00000000fde00000,0x00000000fde00000,0x00000000fef00000)
 ParOldGen       total 349696K, used 275711K [0x00000000e0000000, 0x00000000f5580000, 0x00000000f5580000)
  object space 349696K, 78% used [0x00000000e0000000,0x00000000f0d3fce0,0x00000000f5580000)
 Metaspace       used 119706K, capacity 126580K, committed 126976K, reserved 1159168K
  class space    used 15346K, capacity 16701K, committed 16896K, reserved 1048576K
}
Event: 469.049 GC heap before
{Heap before GC invocations=147 (full 4):
 PSYoungGen      total 156672K, used 150453K [0x00000000f5580000, 0x0000000100000000, 0x0000000100000000)
  eden space 139776K, 100% used [0x00000000f5580000,0x00000000fde00000,0x00000000fde00000)
  from space 16896K, 63% used [0x00000000fef80000,0x00000000ff9ed618,0x0000000100000000)
  to   space 17408K, 0% used [0x00000000fde00000,0x00000000fde00000,0x00000000fef00000)
 ParOldGen       total 349696K, used 275711K [0x00000000e0000000, 0x00000000f5580000, 0x00000000f5580000)
  object space 349696K, 78% used [0x00000000e0000000,0x00000000f0d3fce0,0x00000000f5580000)
 Metaspace       used 119718K, capacity 126580K, committed 126976K, reserved 1159168K
  class space    used 15346K, capacity 16701K, committed 16896K, reserved 1048576K
Event: 469.105 GC heap after
Heap after GC invocations=147 (full 4):
 PSYoungGen      total 151040K, used 10789K [0x00000000f5580000, 0x0000000100000000, 0x0000000100000000)
  eden space 139776K, 0% used [0x00000000f5580000,0x00000000f5580000,0x00000000fde00000)
  from space 11264K, 95% used [0x00000000fde00000,0x00000000fe8895e8,0x00000000fe900000)
  to   space 17920K, 0% used [0x00000000fee80000,0x00000000fee80000,0x0000000100000000)
 ParOldGen       total 349696K, used 278992K [0x00000000e0000000, 0x00000000f5580000, 0x00000000f5580000)
  object space 349696K, 79% used [0x00000000e0000000,0x00000000f1074070,0x00000000f5580000)
 Metaspace       used 119718K, capacity 126580K, committed 126976K, reserved 1159168K
  class space    used 15346K, capacity 16701K, committed 16896K, reserved 1048576K
}
Event: 470.793 GC heap before
{Heap before GC invocations=148 (full 4):
 PSYoungGen      total 151040K, used 150565K [0x00000000f5580000, 0x0000000100000000, 0x0000000100000000)
  eden space 139776K, 100% used [0x00000000f5580000,0x00000000fde00000,0x00000000fde00000)
  from space 11264K, 95% used [0x00000000fde00000,0x00000000fe8895e8,0x00000000fe900000)
  to   space 17920K, 0% used [0x00000000fee80000,0x00000000fee80000,0x0000000100000000)
 ParOldGen       total 349696K, used 278992K [0x00000000e0000000, 0x00000000f5580000, 0x00000000f5580000)
  object space 349696K, 79% used [0x00000000e0000000,0x00000000f1074070,0x00000000f5580000)
 Metaspace       used 119734K, capacity 126580K, committed 126976K, reserved 1159168K
  class space    used 15347K, capacity 16701K, committed 16896K, reserved 1048576K
Event: 470.867 GC heap after
Heap after GC invocations=148 (full 4):
 PSYoungGen      total 152576K, used 14793K [0x00000000f5580000, 0x0000000100000000, 0x0000000100000000)
  eden space 134656K, 0% used [0x00000000f5580000,0x00000000f5580000,0x00000000fd900000)
  from space 17920K, 82% used [0x00000000fee80000,0x00000000ffcf24c8,0x0000000100000000)
  to   space 19968K, 0% used [0x00000000fd900000,0x00000000fd900000,0x00000000fec80000)
 ParOldGen       total 349696K, used 282767K [0x00000000e0000000, 0x00000000f5580000, 0x00000000f5580000)
  object space 349696K, 80% used [0x00000000e0000000,0x00000000f1423d38,0x00000000f5580000)
 Metaspace       used 119734K, capacity 126580K, committed 126976K, reserved 1159168K
  class space    used 15347K, capacity 16701K, committed 16896K, reserved 1048576K
}
Event: 472.432 GC heap before
{Heap before GC invocations=149 (full 4):
 PSYoungGen      total 152576K, used 149449K [0x00000000f5580000, 0x0000000100000000, 0x0000000100000000)
  eden space 134656K, 100% used [0x00000000f5580000,0x00000000fd900000,0x00000000fd900000)
  from space 17920K, 82% used [0x00000000fee80000,0x00000000ffcf24c8,0x0000000100000000)
  to   space 19968K, 0% used [0x00000000fd900000,0x00000000fd900000,0x00000000fec80000)
 ParOldGen       total 349696K, used 282767K [0x00000000e0000000, 0x00000000f5580000, 0x00000000f5580000)
  object space 349696K, 80% used [0x00000000e0000000,0x00000000f1423d38,0x00000000f5580000)
 Metaspace       used 119736K, capacity 126584K, committed 126976K, reserved 1159168K
  class space    used 15347K, capacity 16701K, committed 16896K, reserved 1048576K
Event: 472.519 GC heap after
Heap after GC invocations=149 (full 4):
 PSYoungGen      total 151552K, used 16762K [0x00000000f5580000, 0x0000000100000000, 0x0000000100000000)
  eden space 134656K, 0% used [0x00000000f5580000,0x00000000f5580000,0x00000000fd900000)
  from space 16896K, 99% used [0x00000000fd900000,0x00000000fe95e908,0x00000000fe980000)
  to   space 22016K, 0% used [0x00000000fea80000,0x00000000fea80000,0x0000000100000000)
 ParOldGen       total 349696K, used 292762K [0x00000000e0000000, 0x00000000f5580000, 0x00000000f5580000)
  object space 349696K, 83% used [0x00000000e0000000,0x00000000f1de6950,0x00000000f5580000)
 Metaspace       used 119736K, capacity 126584K, committed 126976K, reserved 1159168K
  class space    used 15347K, capacity 16701K, committed 16896K, reserved 1048576K
}

